#-----------------------------------------------------------
# Vivado v2022.2.2 (64-bit)
# SW Build 3788238 on Tue Feb 21 20:00:34 MST 2023
# IP Build 3783773 on Tue Feb 21 23:41:56 MST 2023
# Start of session at: Fri May 12 10:07:09 2023
# Process ID: 16052
# Current directory: C:/Users/Rafael/Documents/processador_mips
# Command line: vivado.exe -gui_launcher_event rodinguilauncherevent20092 C:\Users\Rafael\Documents\processador_mips\processador_mips.xpr
# Log file: C:/Users/Rafael/Documents/processador_mips/vivado.log
# Journal file: C:/Users/Rafael/Documents/processador_mips\vivado.jou
# Running On: DESKTOP-CMCHHDU, OS: Windows, CPU Frequency: 3000 MHz, CPU Physical cores: 8, Host memory: 17109 MB
#-----------------------------------------------------------
start_gui
open_project C:/Users/Rafael/Documents/processador_mips/processador_mips.xpr
WARNING: [Board 49-26] cannot add Board Part xilinx.com:kc705:part0:1.6 available at C:/Xilinx/Vivado/2022.2/data/xhub/boards/XilinxBoardStore/boards/Xilinx/kc705/1.6/board.xml as part xc7k325tffg900-2 specified in board_part file is either invalid or not available
INFO: [Project 1-313] Project file moved from 'C:/Users/Rafael/processador_mips' since last save.
WARNING: [Board 49-26] cannot add Board Part xilinx.com:kcu105:part0:1.6 available at C:/Xilinx/Vivado/2022.2/data/xhub/boards/XilinxBoardStore/boards/Xilinx/kcu105/1.6/board.xml as part xcku040-ffva1156-2-e specified in board_part file is either invalid or not available
WARNING: [Board 49-26] cannot add Board Part xilinx.com:kcu105:part0:1.7 available at C:/Xilinx/Vivado/2022.2/data/xhub/boards/XilinxBoardStore/boards/Xilinx/kcu105/1.7/board.xml as part xcku040-ffva1156-2-e specified in board_part file is either invalid or not available
WARNING: [Board 49-26] cannot add Board Part xilinx.com:kcu1500:part0:1.2 available at C:/Xilinx/Vivado/2022.2/data/xhub/boards/XilinxBoardStore/boards/Xilinx/kcu1500/1.2/board.xml as part xcku115-flvb2104-2-e specified in board_part file is either invalid or not available
WARNING: [Board 49-26] cannot add Board Part xilinx.com:vc707:part0:1.4 available at C:/Xilinx/Vivado/2022.2/data/xhub/boards/XilinxBoardStore/boards/Xilinx/vc707/1.4/board.xml as part xc7vx485tffg1761-2 specified in board_part file is either invalid or not available
WARNING: [Board 49-26] cannot add Board Part xilinx.com:vc709:part0:1.8 available at C:/Xilinx/Vivado/2022.2/data/xhub/boards/XilinxBoardStore/boards/Xilinx/vc709/1.8/board.xml as part xc7vx690tffg1761-2 specified in board_part file is either invalid or not available
WARNING: [Board 49-26] cannot add Board Part xilinx.com:vck190:part0:2.2 available at C:/Xilinx/Vivado/2022.2/data/xhub/boards/XilinxBoardStore/boards/Xilinx/vck190/production/2.2/board.xml as part xcvc1902-vsva2197-2mp-e-s specified in board_part file is either invalid or not available
WARNING: [Board 49-26] cannot add Board Part xilinx.com:vck190:part0:3.0 available at C:/Xilinx/Vivado/2022.2/data/xhub/boards/XilinxBoardStore/boards/Xilinx/vck190/production/3.0/board.xml as part xcvc1902-vsva2197-2mp-e-s specified in board_part file is either invalid or not available
WARNING: [Board 49-26] cannot add Board Part xilinx.com:vck190:part0:3.1 available at C:/Xilinx/Vivado/2022.2/data/xhub/boards/XilinxBoardStore/boards/Xilinx/vck190/production/3.1/board.xml as part xcvc1902-vsva2197-2mp-e-s specified in board_part file is either invalid or not available
WARNING: [Board 49-26] cannot add Board Part xilinx.com:vck190_newl:part0:1.0 available at C:/Xilinx/Vivado/2022.2/data/xhub/boards/XilinxBoardStore/boards/Xilinx/vck190_newl/production/1.0/board.xml as part xcvc1902-vsva2197-2mp-e-s specified in board_part file is either invalid or not available
WARNING: [Board 49-26] cannot add Board Part xilinx.com:vcu108:part0:1.6 available at C:/Xilinx/Vivado/2022.2/data/xhub/boards/XilinxBoardStore/boards/Xilinx/vcu108/1.6/board.xml as part xcvu095-ffva2104-2-e specified in board_part file is either invalid or not available
WARNING: [Board 49-26] cannot add Board Part xilinx.com:vcu108:part0:1.7 available at C:/Xilinx/Vivado/2022.2/data/xhub/boards/XilinxBoardStore/boards/Xilinx/vcu108/1.7/board.xml as part xcvu095-ffva2104-2-e specified in board_part file is either invalid or not available
WARNING: [Board 49-26] cannot add Board Part xilinx.com:vcu110:part0:1.4 available at C:/Xilinx/Vivado/2022.2/data/xhub/boards/XilinxBoardStore/boards/Xilinx/vcu110/1.4/board.xml as part xcvu190-flgc2104-2-e specified in board_part file is either invalid or not available
WARNING: [Board 49-26] cannot add Board Part xilinx.com:vcu118:part0:2.0 available at C:/Xilinx/Vivado/2022.2/data/xhub/boards/XilinxBoardStore/boards/Xilinx/vcu118/2.0/board.xml as part xcvu9p-flga2104-2l-e specified in board_part file is either invalid or not available
WARNING: [Board 49-26] cannot add Board Part xilinx.com:vcu118:part0:2.3 available at C:/Xilinx/Vivado/2022.2/data/xhub/boards/XilinxBoardStore/boards/Xilinx/vcu118/2.3/board.xml as part xcvu9p-flga2104-2l-e specified in board_part file is either invalid or not available
WARNING: [Board 49-26] cannot add Board Part xilinx.com:vcu118:part0:2.4 available at C:/Xilinx/Vivado/2022.2/data/xhub/boards/XilinxBoardStore/boards/Xilinx/vcu118/2.4/board.xml as part xcvu9p-flga2104-2l-e specified in board_part file is either invalid or not available
WARNING: [Board 49-26] cannot add Board Part xilinx.com:vcu128:part0:1.0 available at C:/Xilinx/Vivado/2022.2/data/xhub/boards/XilinxBoardStore/boards/Xilinx/vcu128/production/1.0/board.xml as part xcvu37p-fsvh2892-2l-e specified in board_part file is either invalid or not available
WARNING: [Board 49-26] cannot add Board Part xilinx.com:vcu129:part0:1.0 available at C:/Xilinx/Vivado/2022.2/data/xhub/boards/XilinxBoardStore/boards/Xilinx/vcu129/production/1.0/board.xml as part xcvu29p-fsga2577-2l-e specified in board_part file is either invalid or not available
WARNING: [Board 49-26] cannot add Board Part xilinx.com:vcu1525:part0:1.3 available at C:/Xilinx/Vivado/2022.2/data/xhub/boards/XilinxBoardStore/boards/Xilinx/vcu1525/1.3/board.xml as part xcvu9p-fsgd2104-2l-e specified in board_part file is either invalid or not available
WARNING: [Board 49-26] cannot add Board Part xilinx.com:vek280_es:part0:1.0 available at C:/Xilinx/Vivado/2022.2/data/xhub/boards/XilinxBoardStore/boards/Xilinx/vek280/es/rev_a/1.0/board.xml as part xcve2802-vsvh1760-2lp-e-s-es1 specified in board_part file is either invalid or not available
WARNING: [Board 49-26] cannot add Board Part xilinx.com:vek280_es_revb:part0:1.0 available at C:/Xilinx/Vivado/2022.2/data/xhub/boards/XilinxBoardStore/boards/Xilinx/vek280/es/rev_b/1.0/board.xml as part xcve2802-vsvh1760-2mp-e-s-es1 specified in board_part file is either invalid or not available
WARNING: [Board 49-26] cannot add Board Part xilinx.com:vermeo_t1_mpsoc:part0:1.0 available at C:/Xilinx/Vivado/2022.2/data/xhub/boards/XilinxBoardStore/boards/Xilinx/vermeo_t1_mpsoc/1.0/board.xml as part xczu19eg-ffvd1760-2l-e specified in board_part file is either invalid or not available
WARNING: [Board 49-26] cannot add Board Part xilinx.com:vermeo_t1_rfsoc:part0:1.0 available at C:/Xilinx/Vivado/2022.2/data/xhub/boards/XilinxBoardStore/boards/Xilinx/vermeo_t1_rfsoc/1.0/board.xml as part xczu21dr-ffvd1156-2l-e specified in board_part file is either invalid or not available
WARNING: [Board 49-26] cannot add Board Part xilinx.com:vhk158_es:part0:1.0 available at C:/Xilinx/Vivado/2022.2/data/xhub/boards/XilinxBoardStore/boards/Xilinx/vhk158/es/1.0/board.xml as part xcvh1582-vsva3697-2mp-e-s-es1 specified in board_part file is either invalid or not available
WARNING: [Board 49-26] cannot add Board Part xilinx.com:vmk180:part0:2.2 available at C:/Xilinx/Vivado/2022.2/data/xhub/boards/XilinxBoardStore/boards/Xilinx/vmk180/production/2.2/board.xml as part xcvm1802-vsva2197-2mp-e-s specified in board_part file is either invalid or not available
WARNING: [Board 49-26] cannot add Board Part xilinx.com:vmk180:part0:3.0 available at C:/Xilinx/Vivado/2022.2/data/xhub/boards/XilinxBoardStore/boards/Xilinx/vmk180/production/3.0/board.xml as part xcvm1802-vsva2197-2mp-e-s specified in board_part file is either invalid or not available
WARNING: [Board 49-26] cannot add Board Part xilinx.com:vmk180:part0:3.1 available at C:/Xilinx/Vivado/2022.2/data/xhub/boards/XilinxBoardStore/boards/Xilinx/vmk180/production/3.1/board.xml as part xcvm1802-vsva2197-2mp-e-s specified in board_part file is either invalid or not available
WARNING: [Board 49-26] cannot add Board Part xilinx.com:vmk180_newl:part0:1.0 available at C:/Xilinx/Vivado/2022.2/data/xhub/boards/XilinxBoardStore/boards/Xilinx/vmk180_newl/production/1.0/board.xml as part xcvm1802-vsva2197-2mp-e-s specified in board_part file is either invalid or not available
WARNING: [Board 49-26] cannot add Board Part xilinx.com:vpk120:part0:1.0 available at C:/Xilinx/Vivado/2022.2/data/xhub/boards/XilinxBoardStore/boards/Xilinx/vpk120/production/1.0/board.xml as part xcvp1202-vsva2785-2mp-e-s specified in board_part file is either invalid or not available
WARNING: [Board 49-26] cannot add Board Part xilinx.com:vpk120_es:part0:1.2 available at C:/Xilinx/Vivado/2022.2/data/xhub/boards/XilinxBoardStore/boards/Xilinx/vpk120/es/1.2/board.xml as part xcvp1202-vsva2785-2mp-e-s-es1 specified in board_part file is either invalid or not available
WARNING: [Board 49-26] cannot add Board Part xilinx.com:vpk120_es_revb:part0:1.0 available at C:/Xilinx/Vivado/2022.2/data/xhub/boards/XilinxBoardStore/boards/Xilinx/vpk120_revb/es/1.0/board.xml as part xcvp1202-vsva2785-2mp-e-s-es1 specified in board_part file is either invalid or not available
WARNING: [Board 49-26] cannot add Board Part xilinx.com:vpk180_es:part0:1.0 available at C:/Xilinx/Vivado/2022.2/data/xhub/boards/XilinxBoardStore/boards/Xilinx/vpk180/es/1.0/board.xml as part xcvp1802-lsvc4072-2mp-e-s-es1 specified in board_part file is either invalid or not available
WARNING: [Board 49-26] cannot add Board Part xilinx.com:zc706:part0:1.4 available at C:/Xilinx/Vivado/2022.2/data/xhub/boards/XilinxBoardStore/boards/Xilinx/zc706/1.4/board.xml as part xc7z045ffg900-2 specified in board_part file is either invalid or not available
WARNING: [Board 49-26] cannot add Board Part xilinx.com:zcu102:part0:3.3 available at C:/Xilinx/Vivado/2022.2/data/xhub/boards/XilinxBoardStore/boards/Xilinx/zcu102/3.3/board.xml as part xczu9eg-ffvb1156-2-e specified in board_part file is either invalid or not available
WARNING: [Board 49-26] cannot add Board Part xilinx.com:zcu102:part0:3.4 available at C:/Xilinx/Vivado/2022.2/data/xhub/boards/XilinxBoardStore/boards/Xilinx/zcu102/3.4/board.xml as part xczu9eg-ffvb1156-2-e specified in board_part file is either invalid or not available
WARNING: [Board 49-26] cannot add Board Part xilinx.com:zcu111:part0:1.2 available at C:/Xilinx/Vivado/2022.2/data/xhub/boards/XilinxBoardStore/boards/Xilinx/zcu111/1.2/board.xml as part xczu28dr-ffvg1517-2-e specified in board_part file is either invalid or not available
WARNING: [Board 49-26] cannot add Board Part xilinx.com:zcu111:part0:1.3 available at C:/Xilinx/Vivado/2022.2/data/xhub/boards/XilinxBoardStore/boards/Xilinx/zcu111/1.3/board.xml as part xczu28dr-ffvg1517-2-e specified in board_part file is either invalid or not available
WARNING: [Board 49-26] cannot add Board Part xilinx.com:zcu111:part0:1.4 available at C:/Xilinx/Vivado/2022.2/data/xhub/boards/XilinxBoardStore/boards/Xilinx/zcu111/1.4/board.xml as part xczu28dr-ffvg1517-2-e specified in board_part file is either invalid or not available
WARNING: [Board 49-26] cannot add Board Part xilinx.com:zcu1275:part0:1.0 available at C:/Xilinx/Vivado/2022.2/data/xhub/boards/XilinxBoardStore/boards/Xilinx/zcu1275/1.0/board.xml as part xczu29dr-ffvf1760-2-e specified in board_part file is either invalid or not available
WARNING: [Board 49-26] cannot add Board Part xilinx.com:zcu1285:part0:1.0 available at C:/Xilinx/Vivado/2022.2/data/xhub/boards/XilinxBoardStore/boards/Xilinx/zcu1285/1.0/board.xml as part xczu39dr-ffvf1760-2-i specified in board_part file is either invalid or not available
WARNING: [Board 49-26] cannot add Board Part xilinx.com:zcu208:part0:2.0 available at C:/Xilinx/Vivado/2022.2/data/xhub/boards/XilinxBoardStore/boards/Xilinx/zcu208/production/2.0/board.xml as part xczu48dr-fsvg1517-2-e specified in board_part file is either invalid or not available
WARNING: [Board 49-26] cannot add Board Part xilinx.com:zcu208ld:part0:2.0 available at C:/Xilinx/Vivado/2022.2/data/xhub/boards/XilinxBoardStore/boards/Xilinx/zcu208ld/production/2.0/board.xml as part xczu58dr-fsvg1517-2-i specified in board_part file is either invalid or not available
WARNING: [Board 49-26] cannot add Board Part xilinx.com:zcu216:part0:2.0 available at C:/Xilinx/Vivado/2022.2/data/xhub/boards/XilinxBoardStore/boards/Xilinx/zcu216/production/2.0/board.xml as part xczu49dr-ffvf1760-2-e specified in board_part file is either invalid or not available
WARNING: [Board 49-26] cannot add Board Part xilinx.com:zcu216ld:part0:2.0 available at C:/Xilinx/Vivado/2022.2/data/xhub/boards/XilinxBoardStore/boards/Xilinx/zcu216ld/production/2.0/board.xml as part xczu59dr-ffvf1760-2-i specified in board_part file is either invalid or not available
WARNING: [Board 49-26] cannot add Board Part xilinx.com:zcu670:part0:2.0 available at C:/Xilinx/Vivado/2022.2/data/xhub/boards/XilinxBoardStore/boards/Xilinx/zcu670/2.0/board.xml as part xczu67dr-fsve1156-2-i specified in board_part file is either invalid or not available
WARNING: [Board 49-26] cannot add Board Part xilinx.com:zcu670ld:part0:1.0 available at C:/Xilinx/Vivado/2022.2/data/xhub/boards/XilinxBoardStore/boards/Xilinx/zcu670ld/1.0/board.xml as part xczu57dr-fsve1156-2-i specified in board_part file is either invalid or not available
INFO: [filemgmt 56-3] Default IP Output Path : Could not find the directory 'C:/Users/Rafael/Documents/processador_mips/processador_mips.gen/sources_1'.
WARNING: [Project 1-312] File not found as 'C:/Users/Rafael/Documents/Documents/mux.vhd'; using path 'C:/Users/Rafael/Documents/mux.vhd' instead.
Scanning sources...
Finished scanning sources
INFO: [IP_Flow 19-234] Refreshing IP repositories
INFO: [IP_Flow 19-1704] No user IP repositories specified
INFO: [IP_Flow 19-2313] Loaded Vivado IP repository 'C:/Xilinx/Vivado/2022.2/data/ip'.
open_project: Time (s): cpu = 00:00:16 ; elapsed = 00:00:07 . Memory (MB): peak = 1116.633 ; gain = 306.102
update_compile_order -fileset sources_1
close [ open C:/Users/Rafael/Documents/processador_mips/componentes/mux2.vhd w ]
add_files C:/Users/Rafael/Documents/processador_mips/componentes/mux2.vhd
update_compile_order -fileset sources_1
close_project
open_project C:/Users/Rafael/Documents/processador_mips/processador_mips.xpr
INFO: [filemgmt 56-3] Default IP Output Path : Could not find the directory 'C:/Users/Rafael/Documents/processador_mips/processador_mips.gen/sources_1'.
Scanning sources...
Finished scanning sources
INFO: [IP_Flow 19-234] Refreshing IP repositories
INFO: [IP_Flow 19-1704] No user IP repositories specified
INFO: [IP_Flow 19-2313] Loaded Vivado IP repository 'C:/Xilinx/Vivado/2022.2/data/ip'.
update_compile_order -fileset sources_1
close [ open C:/Users/Rafael/Documents/processador_mips/componentes/shiftleft2.vhd w ]
add_files C:/Users/Rafael/Documents/processador_mips/componentes/shiftleft2.vhd
update_compile_order -fileset sources_1
close [ open C:/Users/Rafael/Documents/processador_mips/componentes/alu_ctrl.vhd w ]
add_files C:/Users/Rafael/Documents/processador_mips/componentes/alu_ctrl.vhd
update_compile_order -fileset sources_1
close [ open C:/Users/Rafael/Documents/processador_mips/componentes/alu.vhd w ]
add_files C:/Users/Rafael/Documents/processador_mips/componentes/alu.vhd
update_compile_order -fileset sources_1
launch_runs synth_1 -jobs 4
WARNING: [Vivado 12-7122] Auto Incremental Compile:: No reference checkpoint was found in run synth_1. Auto-incremental flow will not be run, the standard flow will be run instead.
[Fri May 12 20:06:19 2023] Launched synth_1...
Run output will be captured here: C:/Users/Rafael/Documents/processador_mips/processador_mips.runs/synth_1/runme.log
set_property source_mgmt_mode DisplayOnly [current_project]
copy_run -name impl_1_copy_1 [get_runs impl_1] -parent_run synth_1
impl_1_copy_1
set_property top MIPS [current_fileset]
close_project
open_project C:/Users/Rafael/Documents/processador_mips/processador_mips.xpr
INFO: [filemgmt 56-3] Default IP Output Path : Could not find the directory 'C:/Users/Rafael/Documents/processador_mips/processador_mips.gen/sources_1'.
Scanning sources...
Finished scanning sources
INFO: [IP_Flow 19-234] Refreshing IP repositories
INFO: [IP_Flow 19-1704] No user IP repositories specified
INFO: [IP_Flow 19-2313] Loaded Vivado IP repository 'C:/Xilinx/Vivado/2022.2/data/ip'.
file mkdir C:/Users/Rafael/Documents/processador_mips/processador_mips.srcs/sources_1/new
close [ open C:/Users/Rafael/Documents/processador_mips/processador_mips.srcs/sources_1/new/MIPS.vhd w ]
add_files C:/Users/Rafael/Documents/processador_mips/processador_mips.srcs/sources_1/new/MIPS.vhd
file mkdir C:/Users/Rafael/Documents/processador_mips/processador_mips.srcs/sim_1/new
close [ open C:/Users/Rafael/Documents/processador_mips/processador_mips.srcs/sources_1/new/sign_extend.vhd w ]
add_files C:/Users/Rafael/Documents/processador_mips/processador_mips.srcs/sources_1/new/sign_extend.vhd
export_ip_user_files -of_objects  [get_files C:/Users/Rafael/Documents/processador_mips/processador_mips.srcs/sources_1/new/sign_extend.vhd] -no_script -reset -force -quiet
remove_files  C:/Users/Rafael/Documents/processador_mips/processador_mips.srcs/sources_1/new/sign_extend.vhd
close [ open C:/Users/Rafael/Documents/processador_mips/processador_mips.srcs/sources_1/new/sign_extender.vhd w ]
add_files C:/Users/Rafael/Documents/processador_mips/processador_mips.srcs/sources_1/new/sign_extender.vhd
close [ open C:/Users/Rafael/Documents/processador_mips/processador_mips.srcs/sources_1/new/RegisterFile.vhd w ]
add_files C:/Users/Rafael/Documents/processador_mips/processador_mips.srcs/sources_1/new/RegisterFile.vhd
export_ip_user_files -of_objects  [get_files C:/Users/Rafael/Documents/processador_mips/processador_mips.srcs/sources_1/new/RegisterFile.vhd] -no_script -reset -force -quiet
remove_files  C:/Users/Rafael/Documents/processador_mips/processador_mips.srcs/sources_1/new/RegisterFile.vhd
close [ open C:/Users/Rafael/Documents/processador_mips/processador_mips.srcs/sources_1/new/register_file.vhd w ]
add_files C:/Users/Rafael/Documents/processador_mips/processador_mips.srcs/sources_1/new/register_file.vhd
close [ open C:/Users/Rafael/Documents/processador_mips/processador_mips.srcs/sources_1/new/mux3.vhd w ]
add_files C:/Users/Rafael/Documents/processador_mips/processador_mips.srcs/sources_1/new/mux3.vhd
export_ip_user_files -of_objects  [get_files C:/Users/Rafael/Documents/processador_mips/componentes/mux2.vhd] -no_script -reset -force -quiet
remove_files  C:/Users/Rafael/Documents/processador_mips/componentes/mux2.vhd
close [ open C:/Users/Rafael/Documents/processador_mips/processador_mips.srcs/sources_1/new/mux4.vhd w ]
add_files C:/Users/Rafael/Documents/processador_mips/processador_mips.srcs/sources_1/new/mux4.vhd
export_ip_user_files -of_objects  [get_files C:/Users/Rafael/Documents/mux.vhd] -no_script -reset -force -quiet
remove_files  C:/Users/Rafael/Documents/mux.vhd
close [ open C:/Users/Rafael/Documents/processador_mips/processador_mips.srcs/sources_1/new/mux2.vhd w ]
add_files C:/Users/Rafael/Documents/processador_mips/processador_mips.srcs/sources_1/new/mux2.vhd
close [ open C:/Users/Rafael/Documents/processador_mips/processador_mips.srcs/sources_1/new/shift_left_2.vhd w ]
add_files C:/Users/Rafael/Documents/processador_mips/processador_mips.srcs/sources_1/new/shift_left_2.vhd
export_ip_user_files -of_objects  [get_files C:/Users/Rafael/Documents/processador_mips/componentes/shiftleft2.vhd] -no_script -reset -force -quiet
remove_files  C:/Users/Rafael/Documents/processador_mips/componentes/shiftleft2.vhd
close [ open C:/Users/Rafael/Documents/processador_mips/processador_mips.srcs/sources_1/new/alu_control.vhd w ]
add_files C:/Users/Rafael/Documents/processador_mips/processador_mips.srcs/sources_1/new/alu_control.vhd
export_ip_user_files -of_objects  [get_files C:/Users/Rafael/Documents/processador_mips/componentes/alu_ctrl.vhd] -no_script -reset -force -quiet
remove_files  C:/Users/Rafael/Documents/processador_mips/componentes/alu_ctrl.vhd
close [ open C:/Users/Rafael/Documents/processador_mips/processador_mips.srcs/sources_1/new/control_unit.vhd w ]
add_files C:/Users/Rafael/Documents/processador_mips/processador_mips.srcs/sources_1/new/control_unit.vhd
close [ open C:/Users/Rafael/Documents/processador_mips/processador_mips.srcs/sources_1/new/instruction_register.vhd w ]
add_files C:/Users/Rafael/Documents/processador_mips/processador_mips.srcs/sources_1/new/instruction_register.vhd
exit
INFO: [Common 17-206] Exiting Vivado at Sat May 20 13:00:55 2023...
